2025-01-13 12:51:57,057 - app - INFO - c:\Users\DELL\Desktop\WVMS\app.py:88 - Database configured with URL: sqlite:///development.db
2025-01-13 12:51:57,104 - app - CRITICAL - c:\Users\DELL\Desktop\WVMS\app.py:128 - FATAL DATABASE INITIALIZATION ERROR: name 'User' is not defined
2025-01-13 12:51:57,105 - app - CRITICAL - c:\Users\DELL\Desktop\WVMS\app.py:135 - Database initialization failed: name 'User' is not defined
2025-01-13 12:52:34,014 - app - INFO - c:\Users\DELL\Desktop\WVMS\app.py:88 - Database configured with URL: sqlite:///development.db
2025-01-13 12:52:34,050 - app - CRITICAL - c:\Users\DELL\Desktop\WVMS\app.py:154 - FATAL DATABASE INITIALIZATION ERROR: (sqlite3.OperationalError) no such table: users
[SQL: SELECT users.id AS users_id, users.username AS users_username, users.password_hash AS users_password_hash, users.is_admin AS users_is_admin 
FROM users 
WHERE users.username = ?
 LIMIT ? OFFSET ?]
[parameters: ('admin', 1, 0)]
(Background on this error at: https://sqlalche.me/e/20/e3q8)
2025-01-13 12:52:34,051 - app - CRITICAL - c:\Users\DELL\Desktop\WVMS\app.py:161 - Database initialization failed: (sqlite3.OperationalError) no such table: users
[SQL: SELECT users.id AS users_id, users.username AS users_username, users.password_hash AS users_password_hash, users.is_admin AS users_is_admin 
FROM users 
WHERE users.username = ?
 LIMIT ? OFFSET ?]
[parameters: ('admin', 1, 0)]
(Background on this error at: https://sqlalche.me/e/20/e3q8)
2025-01-13 12:53:00,545 - app - INFO - c:\Users\DELL\Desktop\WVMS\app.py:88 - Database configured with URL: sqlite:///development.db
2025-01-13 12:53:00,562 - app - CRITICAL - c:\Users\DELL\Desktop\WVMS\app.py:128 - FATAL DATABASE INITIALIZATION ERROR: name 'User' is not defined
2025-01-13 12:53:00,562 - app - CRITICAL - c:\Users\DELL\Desktop\WVMS\app.py:135 - Database initialization failed: name 'User' is not defined
2025-01-13 12:54:14,955 - app - INFO - c:\Users\DELL\Desktop\WVMS\app.py:88 - Database configured with URL: sqlite:///development.db
2025-01-13 12:54:15,135 - app - INFO - c:\Users\DELL\Desktop\WVMS\app.py:112 - Password set for user: admin
2025-01-13 12:54:15,148 - app - INFO - c:\Users\DELL\Desktop\WVMS\app.py:143 - Admin user created successfully
2025-01-13 12:54:15,149 - app - INFO - c:\Users\DELL\Desktop\WVMS\app.py:147 - Database initialization successful
2025-01-13 12:54:16,226 - app - INFO - c:\Users\DELL\Desktop\WVMS\app.py:88 - Database configured with URL: sqlite:///development.db
2025-01-13 12:54:16,258 - app - INFO - c:\Users\DELL\Desktop\WVMS\app.py:145 - Admin user already exists
2025-01-13 12:54:16,259 - app - INFO - c:\Users\DELL\Desktop\WVMS\app.py:147 - Database initialization successful
2025-01-13 12:54:21,771 - app - INFO - c:\Users\DELL\Desktop\WVMS\app.py:219 - Login attempt from IP: 127.0.0.1
2025-01-13 12:54:23,437 - app - INFO - c:\Users\DELL\Desktop\WVMS\app.py:219 - Login attempt from IP: 127.0.0.1
2025-01-13 12:54:23,441 - app - INFO - c:\Users\DELL\Desktop\WVMS\app.py:225 - Login attempt for username: admin
2025-01-13 12:54:23,606 - app - INFO - c:\Users\DELL\Desktop\WVMS\app.py:244 - Successful login for user: admin
2025-01-13 12:55:09,834 - app - INFO - c:\Users\DELL\Desktop\WVMS\app.py:88 - Database configured with URL: sqlite:///development.db
2025-01-13 12:55:09,876 - app - INFO - c:\Users\DELL\Desktop\WVMS\app.py:178 - Admin user already exists
2025-01-13 12:55:09,877 - app - INFO - c:\Users\DELL\Desktop\WVMS\app.py:180 - Database initialization successful
2025-01-13 12:55:10,803 - app - INFO - c:\Users\DELL\Desktop\WVMS\app.py:88 - Database configured with URL: sqlite:///development.db
2025-01-13 12:55:10,838 - app - INFO - c:\Users\DELL\Desktop\WVMS\app.py:178 - Admin user already exists
2025-01-13 12:55:10,839 - app - INFO - c:\Users\DELL\Desktop\WVMS\app.py:180 - Database initialization successful
2025-01-20 17:53:01,680 - app - INFO - C:\Users\DELL\Desktop\WVMS\app.py:88 - Database configured with URL: sqlite:///development.db
2025-01-20 17:53:01,826 - app - INFO - C:\Users\DELL\Desktop\WVMS\app.py:178 - Admin user already exists
2025-01-20 17:53:01,826 - app - INFO - C:\Users\DELL\Desktop\WVMS\app.py:180 - Database initialization successful
2025-01-20 17:53:03,991 - app - INFO - C:\Users\DELL\Desktop\WVMS\app.py:88 - Database configured with URL: sqlite:///development.db
2025-01-20 17:53:05,095 - app - INFO - C:\Users\DELL\Desktop\WVMS\app.py:178 - Admin user already exists
2025-01-20 17:53:05,095 - app - INFO - C:\Users\DELL\Desktop\WVMS\app.py:180 - Database initialization successful
2025-01-20 17:53:11,777 - app - INFO - C:\Users\DELL\Desktop\WVMS\app.py:220 - Login attempt from IP: 127.0.0.1
2025-01-20 17:53:14,710 - app - INFO - C:\Users\DELL\Desktop\WVMS\app.py:220 - Login attempt from IP: 127.0.0.1
2025-01-20 17:53:14,712 - app - INFO - C:\Users\DELL\Desktop\WVMS\app.py:226 - Login attempt for username: admin
2025-01-20 17:53:14,881 - app - INFO - C:\Users\DELL\Desktop\WVMS\app.py:245 - Successful login for user: admin
